# JRE version: Java(TM) SE Runtime Environment (17.0.3.1+2) (build 17.0.3.1+2-LTS-6)
# Java VM: Java HotSpot(TM) 64-Bit Server VM (17.0.3.1+2-LTS-6, mixed mode, sharing, tiered, compressed oops, compressed class ptrs, g1 gc, windows-amd64)
GC Precious Log:
 CPUs: 8 total, 8 available
 Memory: 3638M
 Large Page Support: Disabled
 NUMA Support: Disabled
 Compressed Oops: Enabled (32-bit)
 Heap Region Size: 1M
 Heap Min Capacity: 8M
 Heap Initial Capacity: 58M
 Heap Max Capacity: 910M
 Pre-touch: Disabled
 Parallel Workers: 8
 Concurrent Workers: 2
 Concurrent Refinement Workers: 8
 Periodic GC: Disabled
Heap:
 garbage-first heap   total 51200K, used 36431K [0x00000000c7200000, 0x0000000100000000)
  region size 1024K, 21 young (21504K), 2 survivors (2048K)
 Metaspace       used 40202K, committed 40640K, reserved 1089536K
  class space    used 5310K, committed 5504K, reserved 1048576K
GC Heap History (16 events):
Event: 3.226 GC heap before
{Heap before GC invocations=0 (full 0):
 garbage-first heap   total 59392K, used 24576K [0x00000000c7200000, 0x0000000100000000)
  region size 1024K, 23 young (23552K), 0 survivors (0K)
 Metaspace       used 6401K, committed 6592K, reserved 1056768K
  class space    used 768K, committed 896K, reserved 1048576K
}
Event: 3.237 GC heap after
{Heap after GC invocations=1 (full 0):
 garbage-first heap   total 59392K, used 6727K [0x00000000c7200000, 0x0000000100000000)
  region size 1024K, 3 young (3072K), 3 survivors (3072K)
 Metaspace       used 6401K, committed 6592K, reserved 1056768K
  class space    used 768K, committed 896K, reserved 1048576K
}
Event: 4.713 GC heap before
{Heap before GC invocations=1 (full 0):
 garbage-first heap   total 59392K, used 29255K [0x00000000c7200000, 0x0000000100000000)
  region size 1024K, 25 young (25600K), 3 survivors (3072K)
 Metaspace       used 12103K, committed 12352K, reserved 1064960K
  class space    used 1453K, committed 1536K, reserved 1048576K
}
Event: 4.721 GC heap after
{Heap after GC invocations=2 (full 0):
 garbage-first heap   total 59392K, used 8739K [0x00000000c7200000, 0x0000000100000000)
  region size 1024K, 2 young (2048K), 2 survivors (2048K)
 Metaspace       used 12103K, committed 12352K, reserved 1064960K
  class space    used 1453K, committed 1536K, reserved 1048576K
}
Event: 6.721 GC heap before
{Heap before GC invocations=2 (full 0):
 garbage-first heap   total 59392K, used 32291K [0x00000000c7200000, 0x0000000100000000)
  region size 1024K, 25 young (25600K), 2 survivors (2048K)
 Metaspace       used 17249K, committed 17536K, reserved 1064960K
  class space    used 2122K, committed 2240K, reserved 1048576K
}
Event: 6.730 GC heap after
{Heap after GC invocations=3 (full 0):
 garbage-first heap   total 59392K, used 11264K [0x00000000c7200000, 0x0000000100000000)
  region size 1024K, 4 young (4096K), 4 survivors (4096K)
 Metaspace       used 17249K, committed 17536K, reserved 1064960K
  class space    used 2122K, committed 2240K, reserved 1048576K
}
Event: 20.168 GC heap before
{Heap before GC invocations=3 (full 0):
 garbage-first heap   total 59392K, used 36864K [0x00000000c7200000, 0x0000000100000000)
  region size 1024K, 29 young (29696K), 4 survivors (4096K)
 Metaspace       used 20669K, committed 20928K, reserved 1073152K
  class space    used 2562K, committed 2688K, reserved 1048576K
}
Event: 20.182 GC heap after
{Heap after GC invocations=4 (full 0):
 garbage-first heap   total 59392K, used 12834K [0x00000000c7200000, 0x0000000100000000)
  region size 1024K, 2 young (2048K), 2 survivors (2048K)
 Metaspace       used 20669K, committed 20928K, reserved 1073152K
  class space    used 2562K, committed 2688K, reserved 1048576K
}
Event: 22.812 GC heap before
{Heap before GC invocations=4 (full 0):
 garbage-first heap   total 59392K, used 16930K [0x00000000c7200000, 0x0000000100000000)
  region size 1024K, 7 young (7168K), 2 survivors (2048K)
 Metaspace       used 21273K, committed 21504K, reserved 1073152K
  class space    used 2656K, committed 2752K, reserved 1048576K
}
Event: 22.826 GC heap after
{Heap after GC invocations=5 (full 0):
 garbage-first heap   total 59392K, used 13520K [0x00000000c7200000, 0x0000000100000000)
  region size 1024K, 3 young (3072K), 3 survivors (3072K)
 Metaspace       used 21273K, committed 21504K, reserved 1073152K
  class space    used 2656K, committed 2752K, reserved 1048576K
}
Event: 27.749 GC heap before
{Heap before GC invocations=6 (full 0):
 garbage-first heap   total 51200K, used 40144K [0x00000000c7200000, 0x0000000100000000)
  region size 1024K, 30 young (30720K), 3 survivors (3072K)
 Metaspace       used 27266K, committed 27712K, reserved 1073152K
  class space    used 3463K, committed 3648K, reserved 1048576K
}
Event: 27.767 GC heap after
{Heap after GC invocations=7 (full 0):
 garbage-first heap   total 51200K, used 16138K [0x00000000c7200000, 0x0000000100000000)
  region size 1024K, 4 young (4096K), 4 survivors (4096K)
 Metaspace       used 27266K, committed 27712K, reserved 1073152K
  class space    used 3463K, committed 3648K, reserved 1048576K
}
Event: 30.689 GC heap before
{Heap before GC invocations=7 (full 0):
 garbage-first heap   total 51200K, used 35594K [0x00000000c7200000, 0x0000000100000000)
  region size 1024K, 24 young (24576K), 4 survivors (4096K)
 Metaspace       used 31651K, committed 32128K, reserved 1081344K
  class space    used 4106K, committed 4352K, reserved 1048576K
}
Event: 30.728 GC heap after
{Heap after GC invocations=8 (full 0):
 garbage-first heap   total 51200K, used 17417K [0x00000000c7200000, 0x0000000100000000)
  region size 1024K, 2 young (2048K), 2 survivors (2048K)
 Metaspace       used 31651K, committed 32128K, reserved 1081344K
  class space    used 4106K, committed 4352K, reserved 1048576K
}
Event: 45.966 GC heap before
{Heap before GC invocations=8 (full 0):
 garbage-first heap   total 51200K, used 31753K [0x00000000c7200000, 0x0000000100000000)
  region size 1024K, 17 young (17408K), 2 survivors (2048K)
 Metaspace       used 35688K, committed 36096K, reserved 1081344K
  class space    used 4713K, committed 4928K, reserved 1048576K
}
Event: 45.972 GC heap after
{Heap after GC invocations=9 (full 0):
 garbage-first heap   total 51200K, used 17999K [0x00000000c7200000, 0x0000000100000000)
  region size 1024K, 2 young (2048K), 2 survivors (2048K)
 Metaspace       used 35688K, committed 36096K, reserved 1081344K
  class space    used 4713K, committed 4928K, reserved 1048576K
}

