# JRE version: Java(TM) SE Runtime Environment (17.0.3.1+2) (build 17.0.3.1+2-LTS-6)
# Java VM: Java HotSpot(TM) 64-Bit Server VM (17.0.3.1+2-LTS-6, mixed mode, sharing, tiered, compressed oops, compressed class ptrs, g1 gc, windows-amd64)
GC Precious Log:
 CPUs: 8 total, 8 available
 Memory: 3638M
 Large Page Support: Disabled
 NUMA Support: Disabled
 Compressed Oops: Enabled (32-bit)
 Heap Region Size: 1M
 Heap Min Capacity: 8M
 Heap Initial Capacity: 58M
 Heap Max Capacity: 910M
 Pre-touch: Disabled
 Parallel Workers: 8
 Concurrent Workers: 2
 Concurrent Refinement Workers: 8
 Periodic GC: Disabled
Heap:
 garbage-first heap   total 94208K, used 51008K [0x00000000c7200000, 0x0000000100000000)
  region size 1024K, 30 young (30720K), 4 survivors (4096K)
 Metaspace       used 62921K, committed 63488K, reserved 1105920K
  class space    used 8829K, committed 9088K, reserved 1048576K
GC Heap History (20 events):
Event: 6.057 GC heap before
{Heap before GC invocations=4 (full 0):
 garbage-first heap   total 59392K, used 18761K [0x00000000c7200000, 0x0000000100000000)
  region size 1024K, 9 young (9216K), 2 survivors (2048K)
 Metaspace       used 21312K, committed 21504K, reserved 1073152K
  class space    used 2650K, committed 2752K, reserved 1048576K
}
Event: 6.063 GC heap after
{Heap after GC invocations=5 (full 0):
 garbage-first heap   total 59392K, used 13324K [0x00000000c7200000, 0x0000000100000000)
  region size 1024K, 3 young (3072K), 3 survivors (3072K)
 Metaspace       used 21312K, committed 21504K, reserved 1073152K
  class space    used 2650K, committed 2752K, reserved 1048576K
}
Event: 7.444 GC heap before
{Heap before GC invocations=6 (full 0):
 garbage-first heap   total 51200K, used 39948K [0x00000000c7200000, 0x0000000100000000)
  region size 1024K, 30 young (30720K), 3 survivors (3072K)
 Metaspace       used 27309K, committed 27712K, reserved 1073152K
  class space    used 3463K, committed 3648K, reserved 1048576K
}
Event: 7.464 GC heap after
{Heap after GC invocations=7 (full 0):
 garbage-first heap   total 61440K, used 16267K [0x00000000c7200000, 0x0000000100000000)
  region size 1024K, 4 young (4096K), 4 survivors (4096K)
 Metaspace       used 27309K, committed 27712K, reserved 1073152K
  class space    used 3463K, committed 3648K, reserved 1048576K
}
Event: 7.515 GC heap before
{Heap before GC invocations=7 (full 0):
 garbage-first heap   total 61440K, used 17291K [0x00000000c7200000, 0x0000000100000000)
  region size 1024K, 5 young (5120K), 4 survivors (4096K)
 Metaspace       used 27423K, committed 27840K, reserved 1073152K
  class space    used 3483K, committed 3648K, reserved 1048576K
}
Event: 7.525 GC heap after
{Heap after GC invocations=8 (full 0):
 garbage-first heap   total 61440K, used 16600K [0x00000000c7200000, 0x0000000100000000)
  region size 1024K, 1 young (1024K), 1 survivors (1024K)
 Metaspace       used 27423K, committed 27840K, reserved 1073152K
  class space    used 3483K, committed 3648K, reserved 1048576K
}
Event: 8.705 GC heap before
{Heap before GC invocations=8 (full 0):
 garbage-first heap   total 61440K, used 42200K [0x00000000c7200000, 0x0000000100000000)
  region size 1024K, 27 young (27648K), 1 survivors (1024K)
 Metaspace       used 33308K, committed 33792K, reserved 1081344K
  class space    used 4360K, committed 4608K, reserved 1048576K
}
Event: 8.711 GC heap after
{Heap after GC invocations=9 (full 0):
 garbage-first heap   total 61440K, used 17526K [0x00000000c7200000, 0x0000000100000000)
  region size 1024K, 2 young (2048K), 2 survivors (2048K)
 Metaspace       used 33308K, committed 33792K, reserved 1081344K
  class space    used 4360K, committed 4608K, reserved 1048576K
}
Event: 9.531 GC heap before
{Heap before GC invocations=9 (full 0):
 garbage-first heap   total 61440K, used 24694K [0x00000000c7200000, 0x0000000100000000)
  region size 1024K, 10 young (10240K), 2 survivors (2048K)
 Metaspace       used 35700K, committed 36096K, reserved 1081344K
  class space    used 4706K, committed 4928K, reserved 1048576K
}
Event: 9.535 GC heap after
{Heap after GC invocations=10 (full 0):
 garbage-first heap   total 61440K, used 17986K [0x00000000c7200000, 0x0000000100000000)
  region size 1024K, 2 young (2048K), 2 survivors (2048K)
 Metaspace       used 35700K, committed 36096K, reserved 1081344K
  class space    used 4706K, committed 4928K, reserved 1048576K
}
Event: 10.973 GC heap before
{Heap before GC invocations=11 (full 0):
 garbage-first heap   total 61440K, used 46658K [0x00000000c7200000, 0x0000000100000000)
  region size 1024K, 30 young (30720K), 2 survivors (2048K)
 Metaspace       used 42545K, committed 43008K, reserved 1089536K
  class space    used 5576K, committed 5760K, reserved 1048576K
}
Event: 10.978 GC heap after
{Heap after GC invocations=12 (full 0):
 garbage-first heap   total 61440K, used 19846K [0x00000000c7200000, 0x0000000100000000)
  region size 1024K, 4 young (4096K), 4 survivors (4096K)
 Metaspace       used 42545K, committed 43008K, reserved 1089536K
  class space    used 5576K, committed 5760K, reserved 1048576K
}
Event: 12.282 GC heap before
{Heap before GC invocations=12 (full 0):
 garbage-first heap   total 61440K, used 46470K [0x00000000c7200000, 0x0000000100000000)
  region size 1024K, 31 young (31744K), 4 survivors (4096K)
 Metaspace       used 50021K, committed 50496K, reserved 1097728K
  class space    used 6832K, committed 7040K, reserved 1048576K
}
Event: 12.304 GC heap after
{Heap after GC invocations=13 (full 0):
 garbage-first heap   total 61440K, used 21004K [0x00000000c7200000, 0x0000000100000000)
  region size 1024K, 4 young (4096K), 4 survivors (4096K)
 Metaspace       used 50021K, committed 50496K, reserved 1097728K
  class space    used 6832K, committed 7040K, reserved 1048576K
}
Event: 13.211 GC heap before
{Heap before GC invocations=13 (full 0):
 garbage-first heap   total 61440K, used 46604K [0x00000000c7200000, 0x0000000100000000)
  region size 1024K, 30 young (30720K), 4 survivors (4096K)
 Metaspace       used 53794K, committed 54336K, reserved 1097728K
  class space    used 7334K, committed 7616K, reserved 1048576K
}
Event: 13.219 GC heap after
{Heap after GC invocations=14 (full 0):
 garbage-first heap   total 61440K, used 23125K [0x00000000c7200000, 0x0000000100000000)
  region size 1024K, 4 young (4096K), 4 survivors (4096K)
 Metaspace       used 53794K, committed 54336K, reserved 1097728K
  class space    used 7334K, committed 7616K, reserved 1048576K
}
Event: 14.155 GC heap before
{Heap before GC invocations=14 (full 0):
 garbage-first heap   total 61440K, used 47701K [0x00000000c7200000, 0x0000000100000000)
  region size 1024K, 28 young (28672K), 4 survivors (4096K)
 Metaspace       used 57699K, committed 58176K, reserved 1105920K
  class space    used 8023K, committed 8256K, reserved 1048576K
}
Event: 14.166 GC heap after
{Heap after GC invocations=15 (full 0):
 garbage-first heap   total 61440K, used 24856K [0x00000000c7200000, 0x0000000100000000)
  region size 1024K, 4 young (4096K), 4 survivors (4096K)
 Metaspace       used 57699K, committed 58176K, reserved 1105920K
  class space    used 8023K, committed 8256K, reserved 1048576K
}
Event: 14.656 GC heap before
{Heap before GC invocations=15 (full 0):
 garbage-first heap   total 61440K, used 42264K [0x00000000c7200000, 0x0000000100000000)
  region size 1024K, 23 young (23552K), 4 survivors (4096K)
 Metaspace       used 59972K, committed 60480K, reserved 1105920K
  class space    used 8407K, committed 8640K, reserved 1048576K
}
Event: 14.670 GC heap after
{Heap after GC invocations=16 (full 0):
 garbage-first heap   total 94208K, used 26432K [0x00000000c7200000, 0x0000000100000000)
  region size 1024K, 4 young (4096K), 4 survivors (4096K)
 Metaspace       used 59972K, committed 60480K, reserved 1105920K
  class space    used 8407K, committed 8640K, reserved 1048576K
}

