# JRE version: Java(TM) SE Runtime Environment (17.0.3.1+2) (build 17.0.3.1+2-LTS-6)
# Java VM: Java HotSpot(TM) 64-Bit Server VM (17.0.3.1+2-LTS-6, mixed mode, sharing, tiered, compressed oops, compressed class ptrs, g1 gc, windows-amd64)
GC Precious Log:
 CPUs: 8 total, 8 available
 Memory: 3638M
 Large Page Support: Disabled
 NUMA Support: Disabled
 Compressed Oops: Enabled (32-bit)
 Heap Region Size: 1M
 Heap Min Capacity: 8M
 Heap Initial Capacity: 58M
 Heap Max Capacity: 910M
 Pre-touch: Disabled
 Parallel Workers: 8
 Concurrent Workers: 2
 Concurrent Refinement Workers: 8
 Periodic GC: Disabled
Heap:
 garbage-first heap   total 59392K, used 34107K [0x00000000c7200000, 0x0000000100000000)
  region size 1024K, 26 young (26624K), 3 survivors (3072K)
 Metaspace       used 20010K, committed 20224K, reserved 1073152K
  class space    used 2457K, committed 2560K, reserved 1048576K
GC Heap History (6 events):
Event: 3.267 GC heap before
{Heap before GC invocations=0 (full 0):
 garbage-first heap   total 59392K, used 24576K [0x00000000c7200000, 0x0000000100000000)
  region size 1024K, 23 young (23552K), 0 survivors (0K)
 Metaspace       used 6400K, committed 6592K, reserved 1056768K
  class space    used 769K, committed 896K, reserved 1048576K
}
Event: 3.280 GC heap after
{Heap after GC invocations=1 (full 0):
 garbage-first heap   total 59392K, used 6760K [0x00000000c7200000, 0x0000000100000000)
  region size 1024K, 3 young (3072K), 3 survivors (3072K)
 Metaspace       used 6400K, committed 6592K, reserved 1056768K
  class space    used 769K, committed 896K, reserved 1048576K
}
Event: 4.679 GC heap before
{Heap before GC invocations=1 (full 0):
 garbage-first heap   total 59392K, used 28264K [0x00000000c7200000, 0x0000000100000000)
  region size 1024K, 25 young (25600K), 3 survivors (3072K)
 Metaspace       used 12057K, committed 12288K, reserved 1064960K
  class space    used 1434K, committed 1536K, reserved 1048576K
}
Event: 4.689 GC heap after
{Heap after GC invocations=2 (full 0):
 garbage-first heap   total 59392K, used 9204K [0x00000000c7200000, 0x0000000100000000)
  region size 1024K, 3 young (3072K), 3 survivors (3072K)
 Metaspace       used 12057K, committed 12288K, reserved 1064960K
  class space    used 1434K, committed 1536K, reserved 1048576K
}
Event: 5.681 GC heap before
{Heap before GC invocations=2 (full 0):
 garbage-first heap   total 59392K, used 32756K [0x00000000c7200000, 0x0000000100000000)
  region size 1024K, 26 young (26624K), 3 survivors (3072K)
 Metaspace       used 17193K, committed 17472K, reserved 1064960K
  class space    used 2119K, committed 2240K, reserved 1048576K
}
Event: 5.694 GC heap after
{Heap after GC invocations=3 (full 0):
 garbage-first heap   total 59392K, used 11579K [0x00000000c7200000, 0x0000000100000000)
  region size 1024K, 3 young (3072K), 3 survivors (3072K)
 Metaspace       used 17193K, committed 17472K, reserved 1064960K
  class space    used 2119K, committed 2240K, reserved 1048576K
}

